[0.454s] DEBUG:colcon:Command line arguments: ['/usr/bin/colcon', 'build', '--packages-select', 'blade_inspection_orbit_demo']
[0.454s] DEBUG:colcon:Parsed command line arguments: Namespace(log_base=None, log_level=None, verb_name='build', build_base='build', install_base='install', merge_install=False, symlink_install=False, test_result_base=None, continue_on_error=False, executor='parallel', parallel_workers=12, event_handlers=None, ignore_user_meta=False, metas=['./colcon.meta'], base_paths=['.'], packages_ignore=None, packages_ignore_regex=None, paths=None, packages_up_to=None, packages_up_to_regex=None, packages_above=None, packages_above_and_dependencies=None, packages_above_depth=None, packages_select_by_dep=None, packages_skip_by_dep=None, packages_skip_up_to=None, packages_select_build_failed=False, packages_skip_build_finished=False, packages_select_test_failures=False, packages_skip_test_passed=False, packages_select=['blade_inspection_orbit_demo'], packages_skip=None, packages_select_regex=None, packages_skip_regex=None, packages_start=None, packages_end=None, allow_overriding=[], cmake_args=None, cmake_target=None, cmake_target_skip_unavailable=False, cmake_clean_cache=False, cmake_clean_first=False, cmake_force_configure=False, ament_cmake_args=None, catkin_cmake_args=None, catkin_skip_building_tests=False, mixin_files=None, mixin=None, verb_parser=<colcon_mixin.mixin.mixin_argument.MixinArgumentDecorator object at 0x71f6c0d83da0>, verb_extension=<colcon_core.verb.build.BuildVerb object at 0x71f6c0d1dd60>, main=<bound method BuildVerb.main of <colcon_core.verb.build.BuildVerb object at 0x71f6c0d1dd60>>, mixin_verb=('build',))
[0.538s] Level 1:colcon.colcon_core.package_discovery:discover_packages(colcon_meta) check parameters
[0.538s] Level 1:colcon.colcon_core.package_discovery:discover_packages(recursive) check parameters
[0.538s] Level 1:colcon.colcon_core.package_discovery:discover_packages(ignore) check parameters
[0.538s] Level 1:colcon.colcon_core.package_discovery:discover_packages(path) check parameters
[0.538s] Level 1:colcon.colcon_core.package_discovery:discover_packages(colcon_meta) discover
[0.539s] Level 1:colcon.colcon_core.package_discovery:discover_packages(recursive) discover
[0.539s] INFO:colcon.colcon_core.package_discovery:Crawling recursively for packages in '/home/yhc23/PROJECT/ROS2_demo_ws'
[0.539s] Level 1:colcon.colcon_core.package_identification:_identify(.) by extensions ['ignore', 'ignore_ament_install']
[0.539s] Level 1:colcon.colcon_core.package_identification:_identify(.) by extension 'ignore'
[0.539s] Level 1:colcon.colcon_core.package_identification:_identify(.) by extension 'ignore_ament_install'
[0.539s] Level 1:colcon.colcon_core.package_identification:_identify(.) by extensions ['colcon_pkg']
[0.539s] Level 1:colcon.colcon_core.package_identification:_identify(.) by extension 'colcon_pkg'
[0.540s] Level 1:colcon.colcon_core.package_identification:_identify(.) by extensions ['colcon_meta']
[0.540s] Level 1:colcon.colcon_core.package_identification:_identify(.) by extension 'colcon_meta'
[0.540s] Level 1:colcon.colcon_core.package_identification:_identify(.) by extensions ['ros']
[0.540s] Level 1:colcon.colcon_core.package_identification:_identify(.) by extension 'ros'
[0.584s] Level 1:colcon.colcon_core.package_identification:_identify(.) by extensions ['cmake', 'python']
[0.584s] Level 1:colcon.colcon_core.package_identification:_identify(.) by extension 'cmake'
[0.585s] Level 1:colcon.colcon_core.package_identification:_identify(.) by extension 'python'
[0.585s] Level 1:colcon.colcon_core.package_identification:_identify(.) by extensions ['python_setup_py']
[0.585s] Level 1:colcon.colcon_core.package_identification:_identify(.) by extension 'python_setup_py'
[0.585s] Level 1:colcon.colcon_core.package_identification:_identify(DOCS) by extensions ['ignore', 'ignore_ament_install']
[0.585s] Level 1:colcon.colcon_core.package_identification:_identify(DOCS) by extension 'ignore'
[0.585s] Level 1:colcon.colcon_core.package_identification:_identify(DOCS) by extension 'ignore_ament_install'
[0.586s] Level 1:colcon.colcon_core.package_identification:_identify(DOCS) by extensions ['colcon_pkg']
[0.586s] Level 1:colcon.colcon_core.package_identification:_identify(DOCS) by extension 'colcon_pkg'
[0.586s] Level 1:colcon.colcon_core.package_identification:_identify(DOCS) by extensions ['colcon_meta']
[0.586s] Level 1:colcon.colcon_core.package_identification:_identify(DOCS) by extension 'colcon_meta'
[0.586s] Level 1:colcon.colcon_core.package_identification:_identify(DOCS) by extensions ['ros']
[0.586s] Level 1:colcon.colcon_core.package_identification:_identify(DOCS) by extension 'ros'
[0.586s] Level 1:colcon.colcon_core.package_identification:_identify(DOCS) by extensions ['cmake', 'python']
[0.586s] Level 1:colcon.colcon_core.package_identification:_identify(DOCS) by extension 'cmake'
[0.586s] Level 1:colcon.colcon_core.package_identification:_identify(DOCS) by extension 'python'
[0.586s] Level 1:colcon.colcon_core.package_identification:_identify(DOCS) by extensions ['python_setup_py']
[0.587s] Level 1:colcon.colcon_core.package_identification:_identify(DOCS) by extension 'python_setup_py'
[0.587s] Level 1:colcon.colcon_core.package_identification:_identify(build) by extensions ['ignore', 'ignore_ament_install']
[0.587s] Level 1:colcon.colcon_core.package_identification:_identify(build) by extension 'ignore'
[0.587s] Level 1:colcon.colcon_core.package_identification:_identify(build) ignored
[0.587s] Level 1:colcon.colcon_core.package_identification:_identify(install) by extensions ['ignore', 'ignore_ament_install']
[0.587s] Level 1:colcon.colcon_core.package_identification:_identify(install) by extension 'ignore'
[0.588s] Level 1:colcon.colcon_core.package_identification:_identify(install) ignored
[0.588s] Level 1:colcon.colcon_core.package_identification:_identify(log) by extensions ['ignore', 'ignore_ament_install']
[0.588s] Level 1:colcon.colcon_core.package_identification:_identify(log) by extension 'ignore'
[0.588s] Level 1:colcon.colcon_core.package_identification:_identify(log) ignored
[0.588s] Level 1:colcon.colcon_core.package_identification:_identify(src) by extensions ['ignore', 'ignore_ament_install']
[0.588s] Level 1:colcon.colcon_core.package_identification:_identify(src) by extension 'ignore'
[0.588s] Level 1:colcon.colcon_core.package_identification:_identify(src) by extension 'ignore_ament_install'
[0.588s] Level 1:colcon.colcon_core.package_identification:_identify(src) by extensions ['colcon_pkg']
[0.588s] Level 1:colcon.colcon_core.package_identification:_identify(src) by extension 'colcon_pkg'
[0.588s] Level 1:colcon.colcon_core.package_identification:_identify(src) by extensions ['colcon_meta']
[0.589s] Level 1:colcon.colcon_core.package_identification:_identify(src) by extension 'colcon_meta'
[0.589s] Level 1:colcon.colcon_core.package_identification:_identify(src) by extensions ['ros']
[0.589s] Level 1:colcon.colcon_core.package_identification:_identify(src) by extension 'ros'
[0.589s] Level 1:colcon.colcon_core.package_identification:_identify(src) by extensions ['cmake', 'python']
[0.589s] Level 1:colcon.colcon_core.package_identification:_identify(src) by extension 'cmake'
[0.589s] Level 1:colcon.colcon_core.package_identification:_identify(src) by extension 'python'
[0.589s] Level 1:colcon.colcon_core.package_identification:_identify(src) by extensions ['python_setup_py']
[0.589s] Level 1:colcon.colcon_core.package_identification:_identify(src) by extension 'python_setup_py'
[0.589s] Level 1:colcon.colcon_core.package_identification:_identify(src/blade_demo_basics) by extensions ['ignore', 'ignore_ament_install']
[0.590s] Level 1:colcon.colcon_core.package_identification:_identify(src/blade_demo_basics) by extension 'ignore'
[0.590s] Level 1:colcon.colcon_core.package_identification:_identify(src/blade_demo_basics) by extension 'ignore_ament_install'
[0.590s] Level 1:colcon.colcon_core.package_identification:_identify(src/blade_demo_basics) by extensions ['colcon_pkg']
[0.590s] Level 1:colcon.colcon_core.package_identification:_identify(src/blade_demo_basics) by extension 'colcon_pkg'
[0.590s] Level 1:colcon.colcon_core.package_identification:_identify(src/blade_demo_basics) by extensions ['colcon_meta']
[0.590s] Level 1:colcon.colcon_core.package_identification:_identify(src/blade_demo_basics) by extension 'colcon_meta'
[0.590s] Level 1:colcon.colcon_core.package_identification:_identify(src/blade_demo_basics) by extensions ['ros']
[0.590s] Level 1:colcon.colcon_core.package_identification:_identify(src/blade_demo_basics) by extension 'ros'
[0.596s] DEBUG:colcon.colcon_core.package_identification:Package 'src/blade_demo_basics' with type 'ros.ament_python' and name 'blade_demo_basics'
[0.596s] Level 1:colcon.colcon_core.package_identification:_identify(src/blade_inspection_orbit_demo) by extensions ['ignore', 'ignore_ament_install']
[0.596s] Level 1:colcon.colcon_core.package_identification:_identify(src/blade_inspection_orbit_demo) by extension 'ignore'
[0.596s] Level 1:colcon.colcon_core.package_identification:_identify(src/blade_inspection_orbit_demo) by extension 'ignore_ament_install'
[0.596s] Level 1:colcon.colcon_core.package_identification:_identify(src/blade_inspection_orbit_demo) by extensions ['colcon_pkg']
[0.596s] Level 1:colcon.colcon_core.package_identification:_identify(src/blade_inspection_orbit_demo) by extension 'colcon_pkg'
[0.596s] Level 1:colcon.colcon_core.package_identification:_identify(src/blade_inspection_orbit_demo) by extensions ['colcon_meta']
[0.596s] Level 1:colcon.colcon_core.package_identification:_identify(src/blade_inspection_orbit_demo) by extension 'colcon_meta'
[0.596s] Level 1:colcon.colcon_core.package_identification:_identify(src/blade_inspection_orbit_demo) by extensions ['ros']
[0.596s] Level 1:colcon.colcon_core.package_identification:_identify(src/blade_inspection_orbit_demo) by extension 'ros'
[0.597s] DEBUG:colcon.colcon_core.package_identification:Package 'src/blade_inspection_orbit_demo' with type 'ros.ament_python' and name 'blade_inspection_orbit_demo'
[0.597s] Level 1:colcon.colcon_core.package_discovery:discover_packages(recursive) using defaults
[0.597s] Level 1:colcon.colcon_core.package_discovery:discover_packages(ignore) discover
[0.597s] Level 1:colcon.colcon_core.package_discovery:discover_packages(ignore) using defaults
[0.598s] Level 1:colcon.colcon_core.package_discovery:discover_packages(path) discover
[0.598s] Level 1:colcon.colcon_core.package_discovery:discover_packages(path) using defaults
[0.634s] INFO:colcon.colcon_core.package_selection:Skipping not selected package 'blade_demo_basics' in 'src/blade_demo_basics'
[0.635s] Level 1:colcon.colcon_core.package_discovery:discover_packages(prefix_path) check parameters
[0.635s] Level 1:colcon.colcon_core.package_discovery:discover_packages(prefix_path) discover
[0.641s] DEBUG:colcon.colcon_installed_package_information.package_discovery:Found 2 installed packages in /home/yhc23/PROJECT/ROS2_demo_ws/install
[0.645s] DEBUG:colcon.colcon_installed_package_information.package_discovery:Found 488 installed packages in /opt/ros/jazzy
[0.648s] Level 1:colcon.colcon_core.package_discovery:discover_packages(prefix_path) using defaults
[0.854s] Level 5:colcon.colcon_core.verb:set package 'blade_inspection_orbit_demo' build argument 'cmake_args' from command line to 'None'
[0.854s] Level 5:colcon.colcon_core.verb:set package 'blade_inspection_orbit_demo' build argument 'cmake_target' from command line to 'None'
[0.854s] Level 5:colcon.colcon_core.verb:set package 'blade_inspection_orbit_demo' build argument 'cmake_target_skip_unavailable' from command line to 'False'
[0.854s] Level 5:colcon.colcon_core.verb:set package 'blade_inspection_orbit_demo' build argument 'cmake_clean_cache' from command line to 'False'
[0.854s] Level 5:colcon.colcon_core.verb:set package 'blade_inspection_orbit_demo' build argument 'cmake_clean_first' from command line to 'False'
[0.854s] Level 5:colcon.colcon_core.verb:set package 'blade_inspection_orbit_demo' build argument 'cmake_force_configure' from command line to 'False'
[0.854s] Level 5:colcon.colcon_core.verb:set package 'blade_inspection_orbit_demo' build argument 'ament_cmake_args' from command line to 'None'
[0.854s] Level 5:colcon.colcon_core.verb:set package 'blade_inspection_orbit_demo' build argument 'catkin_cmake_args' from command line to 'None'
[0.854s] Level 5:colcon.colcon_core.verb:set package 'blade_inspection_orbit_demo' build argument 'catkin_skip_building_tests' from command line to 'False'
[0.854s] DEBUG:colcon.colcon_core.verb:Building package 'blade_inspection_orbit_demo' with the following arguments: {'ament_cmake_args': None, 'build_base': '/home/yhc23/PROJECT/ROS2_demo_ws/build/blade_inspection_orbit_demo', 'catkin_cmake_args': None, 'catkin_skip_building_tests': False, 'cmake_args': None, 'cmake_clean_cache': False, 'cmake_clean_first': False, 'cmake_force_configure': False, 'cmake_target': None, 'cmake_target_skip_unavailable': False, 'install_base': '/home/yhc23/PROJECT/ROS2_demo_ws/install/blade_inspection_orbit_demo', 'merge_install': False, 'path': '/home/yhc23/PROJECT/ROS2_demo_ws/src/blade_inspection_orbit_demo', 'symlink_install': False, 'test_result_base': None}
[0.854s] INFO:colcon.colcon_core.executor:Executing jobs using 'parallel' executor
[0.856s] DEBUG:colcon.colcon_parallel_executor.executor.parallel:run_until_complete
[0.856s] INFO:colcon.colcon_ros.task.ament_python.build:Building ROS package in '/home/yhc23/PROJECT/ROS2_demo_ws/src/blade_inspection_orbit_demo' with build type 'ament_python'
[0.857s] Level 1:colcon.colcon_core.shell:create_environment_hook('blade_inspection_orbit_demo', 'ament_prefix_path')
[0.866s] INFO:colcon.colcon_core.plugin_system:Skipping extension 'colcon_core.shell.bat': Not used on non-Windows systems
[0.866s] INFO:colcon.colcon_core.shell:Creating environment hook '/home/yhc23/PROJECT/ROS2_demo_ws/install/blade_inspection_orbit_demo/share/blade_inspection_orbit_demo/hook/ament_prefix_path.ps1'
[0.868s] INFO:colcon.colcon_core.shell:Creating environment descriptor '/home/yhc23/PROJECT/ROS2_demo_ws/install/blade_inspection_orbit_demo/share/blade_inspection_orbit_demo/hook/ament_prefix_path.dsv'
[0.870s] INFO:colcon.colcon_core.shell:Creating environment hook '/home/yhc23/PROJECT/ROS2_demo_ws/install/blade_inspection_orbit_demo/share/blade_inspection_orbit_demo/hook/ament_prefix_path.sh'
[0.871s] INFO:colcon.colcon_core.shell:Skip shell extension 'powershell' for command environment: Not usable outside of PowerShell
[0.871s] DEBUG:colcon.colcon_core.shell:Skip shell extension 'dsv' for command environment
[1.201s] INFO:colcon.colcon_core.task.python.build:Building Python package in '/home/yhc23/PROJECT/ROS2_demo_ws/src/blade_inspection_orbit_demo'
[1.202s] INFO:colcon.colcon_core.shell:Skip shell extension 'powershell' for command environment: Not usable outside of PowerShell
[1.202s] DEBUG:colcon.colcon_core.shell:Skip shell extension 'dsv' for command environment
[2.628s] DEBUG:colcon.colcon_core.event_handler.log_command:Invoking command in '/home/yhc23/PROJECT/ROS2_demo_ws/src/blade_inspection_orbit_demo': PYTHONPATH=/home/yhc23/PROJECT/ROS2_demo_ws/build/blade_inspection_orbit_demo/prefix_override:/usr/lib/python3/dist-packages/colcon_core/task/python/colcon_distutils_commands:/home/yhc23/PROJECT/ROS2_demo_ws/install/blade_inspection_orbit_demo/lib/python3.12/site-packages:${PYTHONPATH} /usr/bin/python3 -W ignore:setup.py install is deprecated -W ignore:easy_install command is deprecated setup.py egg_info --egg-base ../../build/blade_inspection_orbit_demo build --build-base /home/yhc23/PROJECT/ROS2_demo_ws/build/blade_inspection_orbit_demo/build install --record /home/yhc23/PROJECT/ROS2_demo_ws/build/blade_inspection_orbit_demo/install.log --single-version-externally-managed install_data
[3.320s] DEBUG:colcon.colcon_core.event_handler.log_command:Invoked command in '/home/yhc23/PROJECT/ROS2_demo_ws/src/blade_inspection_orbit_demo' returned '0': PYTHONPATH=/home/yhc23/PROJECT/ROS2_demo_ws/build/blade_inspection_orbit_demo/prefix_override:/usr/lib/python3/dist-packages/colcon_core/task/python/colcon_distutils_commands:/home/yhc23/PROJECT/ROS2_demo_ws/install/blade_inspection_orbit_demo/lib/python3.12/site-packages:${PYTHONPATH} /usr/bin/python3 -W ignore:setup.py install is deprecated -W ignore:easy_install command is deprecated setup.py egg_info --egg-base ../../build/blade_inspection_orbit_demo build --build-base /home/yhc23/PROJECT/ROS2_demo_ws/build/blade_inspection_orbit_demo/build install --record /home/yhc23/PROJECT/ROS2_demo_ws/build/blade_inspection_orbit_demo/install.log --single-version-externally-managed install_data
[3.328s] Level 1:colcon.colcon_core.environment:checking '/home/yhc23/PROJECT/ROS2_demo_ws/install/blade_inspection_orbit_demo' for CMake module files
[3.328s] Level 1:colcon.colcon_core.environment:checking '/home/yhc23/PROJECT/ROS2_demo_ws/install/blade_inspection_orbit_demo' for CMake config files
[3.329s] Level 1:colcon.colcon_core.environment:checking '/home/yhc23/PROJECT/ROS2_demo_ws/install/blade_inspection_orbit_demo/lib'
[3.329s] Level 1:colcon.colcon_core.environment:checking '/home/yhc23/PROJECT/ROS2_demo_ws/install/blade_inspection_orbit_demo/bin'
[3.329s] Level 1:colcon.colcon_core.environment:checking '/home/yhc23/PROJECT/ROS2_demo_ws/install/blade_inspection_orbit_demo/lib/pkgconfig/blade_inspection_orbit_demo.pc'
[3.330s] Level 1:colcon.colcon_core.environment:checking '/home/yhc23/PROJECT/ROS2_demo_ws/install/blade_inspection_orbit_demo/lib/python3.12/site-packages'
[3.330s] Level 1:colcon.colcon_core.shell:create_environment_hook('blade_inspection_orbit_demo', 'pythonpath')
[3.330s] INFO:colcon.colcon_core.shell:Creating environment hook '/home/yhc23/PROJECT/ROS2_demo_ws/install/blade_inspection_orbit_demo/share/blade_inspection_orbit_demo/hook/pythonpath.ps1'
[3.331s] INFO:colcon.colcon_core.shell:Creating environment descriptor '/home/yhc23/PROJECT/ROS2_demo_ws/install/blade_inspection_orbit_demo/share/blade_inspection_orbit_demo/hook/pythonpath.dsv'
[3.331s] INFO:colcon.colcon_core.shell:Creating environment hook '/home/yhc23/PROJECT/ROS2_demo_ws/install/blade_inspection_orbit_demo/share/blade_inspection_orbit_demo/hook/pythonpath.sh'
[3.332s] Level 1:colcon.colcon_core.environment:checking '/home/yhc23/PROJECT/ROS2_demo_ws/install/blade_inspection_orbit_demo/bin'
[3.332s] Level 1:colcon.colcon_core.environment:create_environment_scripts_only(blade_inspection_orbit_demo)
[3.332s] INFO:colcon.colcon_core.shell:Creating package script '/home/yhc23/PROJECT/ROS2_demo_ws/install/blade_inspection_orbit_demo/share/blade_inspection_orbit_demo/package.ps1'
[3.334s] INFO:colcon.colcon_core.shell:Creating package descriptor '/home/yhc23/PROJECT/ROS2_demo_ws/install/blade_inspection_orbit_demo/share/blade_inspection_orbit_demo/package.dsv'
[3.334s] INFO:colcon.colcon_core.shell:Creating package script '/home/yhc23/PROJECT/ROS2_demo_ws/install/blade_inspection_orbit_demo/share/blade_inspection_orbit_demo/package.sh'
[3.350s] INFO:colcon.colcon_core.shell:Creating package script '/home/yhc23/PROJECT/ROS2_demo_ws/install/blade_inspection_orbit_demo/share/blade_inspection_orbit_demo/package.bash'
[3.351s] INFO:colcon.colcon_core.shell:Creating package script '/home/yhc23/PROJECT/ROS2_demo_ws/install/blade_inspection_orbit_demo/share/blade_inspection_orbit_demo/package.zsh'
[3.353s] Level 1:colcon.colcon_core.environment:create_file_with_runtime_dependencies(/home/yhc23/PROJECT/ROS2_demo_ws/install/blade_inspection_orbit_demo/share/colcon-core/packages/blade_inspection_orbit_demo)
[3.353s] DEBUG:colcon.colcon_parallel_executor.executor.parallel:closing loop
[3.354s] DEBUG:colcon.colcon_parallel_executor.executor.parallel:loop closed
[3.354s] DEBUG:colcon.colcon_parallel_executor.executor.parallel:run_until_complete finished with '0'
[3.354s] DEBUG:colcon.colcon_core.event_reactor:joining thread
[3.371s] INFO:colcon.colcon_core.plugin_system:Skipping extension 'colcon_notification.desktop_notification.terminal_notifier': Not used on non-Darwin systems
[3.371s] INFO:colcon.colcon_core.plugin_system:Skipping extension 'colcon_notification.desktop_notification.win32': Not used on non-Windows systems
[3.371s] INFO:colcon.colcon_notification.desktop_notification:Sending desktop notification using 'notify2'
[3.448s] DEBUG:colcon.colcon_notification.desktop_notification.notify2:Failed to initialize notify2: org.freedesktop.DBus.Error.ServiceUnknown: The name org.freedesktop.Notifications was not provided by any .service files
[3.448s] DEBUG:colcon.colcon_core.event_reactor:joined thread
[3.449s] INFO:colcon.colcon_core.shell:Creating prefix script '/home/yhc23/PROJECT/ROS2_demo_ws/install/local_setup.ps1'
[3.450s] INFO:colcon.colcon_core.shell:Creating prefix util module '/home/yhc23/PROJECT/ROS2_demo_ws/install/_local_setup_util_ps1.py'
[3.452s] INFO:colcon.colcon_core.shell:Creating prefix chain script '/home/yhc23/PROJECT/ROS2_demo_ws/install/setup.ps1'
[3.453s] INFO:colcon.colcon_core.shell:Creating prefix script '/home/yhc23/PROJECT/ROS2_demo_ws/install/local_setup.sh'
[3.454s] INFO:colcon.colcon_core.shell:Creating prefix util module '/home/yhc23/PROJECT/ROS2_demo_ws/install/_local_setup_util_sh.py'
[3.456s] INFO:colcon.colcon_core.shell:Creating prefix chain script '/home/yhc23/PROJECT/ROS2_demo_ws/install/setup.sh'
[3.458s] INFO:colcon.colcon_core.shell:Creating prefix script '/home/yhc23/PROJECT/ROS2_demo_ws/install/local_setup.bash'
[3.459s] INFO:colcon.colcon_core.shell:Creating prefix chain script '/home/yhc23/PROJECT/ROS2_demo_ws/install/setup.bash'
[3.460s] INFO:colcon.colcon_core.shell:Creating prefix script '/home/yhc23/PROJECT/ROS2_demo_ws/install/local_setup.zsh'
[3.461s] INFO:colcon.colcon_core.shell:Creating prefix chain script '/home/yhc23/PROJECT/ROS2_demo_ws/install/setup.zsh'
