[1.770s] Invoking command in '/home/yhc23/PROJECT/ROS2_demo_ws/src/blade_inspection_orbit_demo': PYTHONPATH=/home/yhc23/PROJECT/ROS2_demo_ws/build/blade_inspection_orbit_demo/prefix_override:/usr/lib/python3/dist-packages/colcon_core/task/python/colcon_distutils_commands:/home/yhc23/PROJECT/ROS2_demo_ws/install/blade_inspection_orbit_demo/lib/python3.12/site-packages:${PYTHONPATH} /usr/bin/python3 -W ignore:setup.py install is deprecated -W ignore:easy_install command is deprecated setup.py egg_info --egg-base ../../build/blade_inspection_orbit_demo build --build-base /home/yhc23/PROJECT/ROS2_demo_ws/build/blade_inspection_orbit_demo/build install --record /home/yhc23/PROJECT/ROS2_demo_ws/build/blade_inspection_orbit_demo/install.log --single-version-externally-managed install_data
[2.091s] running egg_info
[2.118s] writing ../../build/blade_inspection_orbit_demo/blade_inspection_orbit_demo.egg-info/PKG-INFO
[2.119s] writing dependency_links to ../../build/blade_inspection_orbit_demo/blade_inspection_orbit_demo.egg-info/dependency_links.txt
[2.119s] writing entry points to ../../build/blade_inspection_orbit_demo/blade_inspection_orbit_demo.egg-info/entry_points.txt
[2.120s] writing requirements to ../../build/blade_inspection_orbit_demo/blade_inspection_orbit_demo.egg-info/requires.txt
[2.120s] writing top-level names to ../../build/blade_inspection_orbit_demo/blade_inspection_orbit_demo.egg-info/top_level.txt
[2.174s] reading manifest file '../../build/blade_inspection_orbit_demo/blade_inspection_orbit_demo.egg-info/SOURCES.txt'
[2.175s] writing manifest file '../../build/blade_inspection_orbit_demo/blade_inspection_orbit_demo.egg-info/SOURCES.txt'
[2.175s] running build
[2.175s] running build_py
[2.176s] running install
[2.182s] running install_lib
[2.209s] running install_data
[2.209s] running install_egg_info
[2.242s] removing '/home/yhc23/PROJECT/ROS2_demo_ws/install/blade_inspection_orbit_demo/lib/python3.12/site-packages/blade_inspection_orbit_demo-0.0.0-py3.12.egg-info' (and everything under it)
[2.242s] Copying ../../build/blade_inspection_orbit_demo/blade_inspection_orbit_demo.egg-info to /home/yhc23/PROJECT/ROS2_demo_ws/install/blade_inspection_orbit_demo/lib/python3.12/site-packages/blade_inspection_orbit_demo-0.0.0-py3.12.egg-info
[2.244s] running install_scripts
[2.431s] Installing go_to_pose_demo script to /home/yhc23/PROJECT/ROS2_demo_ws/install/blade_inspection_orbit_demo/lib/blade_inspection_orbit_demo
[2.431s] writing list of installed files to '/home/yhc23/PROJECT/ROS2_demo_ws/build/blade_inspection_orbit_demo/install.log'
[2.462s] Invoked command in '/home/yhc23/PROJECT/ROS2_demo_ws/src/blade_inspection_orbit_demo' returned '0': PYTHONPATH=/home/yhc23/PROJECT/ROS2_demo_ws/build/blade_inspection_orbit_demo/prefix_override:/usr/lib/python3/dist-packages/colcon_core/task/python/colcon_distutils_commands:/home/yhc23/PROJECT/ROS2_demo_ws/install/blade_inspection_orbit_demo/lib/python3.12/site-packages:${PYTHONPATH} /usr/bin/python3 -W ignore:setup.py install is deprecated -W ignore:easy_install command is deprecated setup.py egg_info --egg-base ../../build/blade_inspection_orbit_demo build --build-base /home/yhc23/PROJECT/ROS2_demo_ws/build/blade_inspection_orbit_demo/build install --record /home/yhc23/PROJECT/ROS2_demo_ws/build/blade_inspection_orbit_demo/install.log --single-version-externally-managed install_data
