running egg_info
creating ../../build/blade_demo_basics/blade_demo_basics.egg-info
writing ../../build/blade_demo_basics/blade_demo_basics.egg-info/PKG-INFO
writing dependency_links to ../../build/blade_demo_basics/blade_demo_basics.egg-info/dependency_links.txt
writing entry points to ../../build/blade_demo_basics/blade_demo_basics.egg-info/entry_points.txt
writing requirements to ../../build/blade_demo_basics/blade_demo_basics.egg-info/requires.txt
writing top-level names to ../../build/blade_demo_basics/blade_demo_basics.egg-info/top_level.txt
writing manifest file '../../build/blade_demo_basics/blade_demo_basics.egg-info/SOURCES.txt'
reading manifest file '../../build/blade_demo_basics/blade_demo_basics.egg-info/SOURCES.txt'
writing manifest file '../../build/blade_demo_basics/blade_demo_basics.egg-info/SOURCES.txt'
running build
running build_py
creating /home/yhc23/PROJECT/ROS2_demo_ws/build/blade_demo_basics/build
creating /home/yhc23/PROJECT/ROS2_demo_ws/build/blade_demo_basics/build/lib
creating /home/yhc23/PROJECT/ROS2_demo_ws/build/blade_demo_basics/build/lib/blade_demo_basics
copying blade_demo_basics/__init__.py -> /home/yhc23/PROJECT/ROS2_demo_ws/build/blade_demo_basics/build/lib/blade_demo_basics
copying blade_demo_basics/status_publisher.py -> /home/yhc23/PROJECT/ROS2_demo_ws/build/blade_demo_basics/build/lib/blade_demo_basics
copying blade_demo_basics/status_subscriber.py -> /home/yhc23/PROJECT/ROS2_demo_ws/build/blade_demo_basics/build/lib/blade_demo_basics
running install
running install_lib
creating /home/yhc23/PROJECT/ROS2_demo_ws/install/blade_demo_basics/lib/python3.12/site-packages/blade_demo_basics
copying /home/yhc23/PROJECT/ROS2_demo_ws/build/blade_demo_basics/build/lib/blade_demo_basics/__init__.py -> /home/yhc23/PROJECT/ROS2_demo_ws/install/blade_demo_basics/lib/python3.12/site-packages/blade_demo_basics
copying /home/yhc23/PROJECT/ROS2_demo_ws/build/blade_demo_basics/build/lib/blade_demo_basics/status_publisher.py -> /home/yhc23/PROJECT/ROS2_demo_ws/install/blade_demo_basics/lib/python3.12/site-packages/blade_demo_basics
copying /home/yhc23/PROJECT/ROS2_demo_ws/build/blade_demo_basics/build/lib/blade_demo_basics/status_subscriber.py -> /home/yhc23/PROJECT/ROS2_demo_ws/install/blade_demo_basics/lib/python3.12/site-packages/blade_demo_basics
byte-compiling /home/yhc23/PROJECT/ROS2_demo_ws/install/blade_demo_basics/lib/python3.12/site-packages/blade_demo_basics/__init__.py to __init__.cpython-312.pyc
byte-compiling /home/yhc23/PROJECT/ROS2_demo_ws/install/blade_demo_basics/lib/python3.12/site-packages/blade_demo_basics/status_publisher.py to status_publisher.cpython-312.pyc
byte-compiling /home/yhc23/PROJECT/ROS2_demo_ws/install/blade_demo_basics/lib/python3.12/site-packages/blade_demo_basics/status_subscriber.py to status_subscriber.cpython-312.pyc
running install_data
creating /home/yhc23/PROJECT/ROS2_demo_ws/install/blade_demo_basics/share/ament_index
creating /home/yhc23/PROJECT/ROS2_demo_ws/install/blade_demo_basics/share/ament_index/resource_index
creating /home/yhc23/PROJECT/ROS2_demo_ws/install/blade_demo_basics/share/ament_index/resource_index/packages
copying resource/blade_demo_basics -> /home/yhc23/PROJECT/ROS2_demo_ws/install/blade_demo_basics/share/ament_index/resource_index/packages
copying package.xml -> /home/yhc23/PROJECT/ROS2_demo_ws/install/blade_demo_basics/share/blade_demo_basics
running install_egg_info
Copying ../../build/blade_demo_basics/blade_demo_basics.egg-info to /home/yhc23/PROJECT/ROS2_demo_ws/install/blade_demo_basics/lib/python3.12/site-packages/blade_demo_basics-0.0.0-py3.12.egg-info
running install_scripts
Installing status_publisher script to /home/yhc23/PROJECT/ROS2_demo_ws/install/blade_demo_basics/lib/blade_demo_basics
Installing status_subscriber script to /home/yhc23/PROJECT/ROS2_demo_ws/install/blade_demo_basics/lib/blade_demo_basics
writing list of installed files to '/home/yhc23/PROJECT/ROS2_demo_ws/build/blade_demo_basics/install.log'
