running egg_info
writing ../../build/blade_demo_basics/blade_demo_basics.egg-info/PKG-INFO
writing dependency_links to ../../build/blade_demo_basics/blade_demo_basics.egg-info/dependency_links.txt
writing entry points to ../../build/blade_demo_basics/blade_demo_basics.egg-info/entry_points.txt
writing requirements to ../../build/blade_demo_basics/blade_demo_basics.egg-info/requires.txt
writing top-level names to ../../build/blade_demo_basics/blade_demo_basics.egg-info/top_level.txt
reading manifest file '../../build/blade_demo_basics/blade_demo_basics.egg-info/SOURCES.txt'
writing manifest file '../../build/blade_demo_basics/blade_demo_basics.egg-info/SOURCES.txt'
running build
running build_py
copying blade_demo_basics/status_publisher.py -> /home/yhc23/PROJECT/ROS2_demo_ws/build/blade_demo_basics/build/lib/blade_demo_basics
running install
running install_lib
copying /home/yhc23/PROJECT/ROS2_demo_ws/build/blade_demo_basics/build/lib/blade_demo_basics/status_publisher.py -> /home/yhc23/PROJECT/ROS2_demo_ws/install/blade_demo_basics/lib/python3.12/site-packages/blade_demo_basics
byte-compiling /home/yhc23/PROJECT/ROS2_demo_ws/install/blade_demo_basics/lib/python3.12/site-packages/blade_demo_basics/status_publisher.py to status_publisher.cpython-312.pyc
running install_data
running install_egg_info
removing '/home/yhc23/PROJECT/ROS2_demo_ws/install/blade_demo_basics/lib/python3.12/site-packages/blade_demo_basics-0.0.0-py3.12.egg-info' (and everything under it)
Copying ../../build/blade_demo_basics/blade_demo_basics.egg-info to /home/yhc23/PROJECT/ROS2_demo_ws/install/blade_demo_basics/lib/python3.12/site-packages/blade_demo_basics-0.0.0-py3.12.egg-info
running install_scripts
Installing status_publisher script to /home/yhc23/PROJECT/ROS2_demo_ws/install/blade_demo_basics/lib/blade_demo_basics
Installing status_subscriber script to /home/yhc23/PROJECT/ROS2_demo_ws/install/blade_demo_basics/lib/blade_demo_basics
writing list of installed files to '/home/yhc23/PROJECT/ROS2_demo_ws/build/blade_demo_basics/install.log'
