[0.349s] DEBUG:colcon:Command line arguments: ['/usr/bin/colcon', 'build', '--packages-select', 'blade_inspection_orbit_demo']
[0.349s] DEBUG:colcon:Parsed command line arguments: Namespace(log_base=None, log_level=None, verb_name='build', build_base='build', install_base='install', merge_install=False, symlink_install=False, test_result_base=None, continue_on_error=False, executor='parallel', parallel_workers=12, event_handlers=None, ignore_user_meta=False, metas=['./colcon.meta'], base_paths=['.'], packages_ignore=None, packages_ignore_regex=None, paths=None, packages_up_to=None, packages_up_to_regex=None, packages_above=None, packages_above_and_dependencies=None, packages_above_depth=None, packages_select_by_dep=None, packages_skip_by_dep=None, packages_skip_up_to=None, packages_select_build_failed=False, packages_skip_build_finished=False, packages_select_test_failures=False, packages_skip_test_passed=False, packages_select=['blade_inspection_orbit_demo'], packages_skip=None, packages_select_regex=None, packages_skip_regex=None, packages_start=None, packages_end=None, allow_overriding=[], cmake_args=None, cmake_target=None, cmake_target_skip_unavailable=False, cmake_clean_cache=False, cmake_clean_first=False, cmake_force_configure=False, ament_cmake_args=None, catkin_cmake_args=None, catkin_skip_building_tests=False, mixin_files=None, mixin=None, verb_parser=<colcon_mixin.mixin.mixin_argument.MixinArgumentDecorator object at 0x712e6ac6be30>, verb_extension=<colcon_core.verb.build.BuildVerb object at 0x712e6ac0dcd0>, main=<bound method BuildVerb.main of <colcon_core.verb.build.BuildVerb object at 0x712e6ac0dcd0>>, mixin_verb=('build',))
[0.444s] Level 1:colcon.colcon_core.package_discovery:discover_packages(colcon_meta) check parameters
[0.444s] Level 1:colcon.colcon_core.package_discovery:discover_packages(recursive) check parameters
[0.444s] Level 1:colcon.colcon_core.package_discovery:discover_packages(ignore) check parameters
[0.444s] Level 1:colcon.colcon_core.package_discovery:discover_packages(path) check parameters
[0.444s] Level 1:colcon.colcon_core.package_discovery:discover_packages(colcon_meta) discover
[0.444s] Level 1:colcon.colcon_core.package_discovery:discover_packages(recursive) discover
[0.444s] INFO:colcon.colcon_core.package_discovery:Crawling recursively for packages in '/home/yhc23/PROJECT/ROS2_demo_ws'
[0.444s] Level 1:colcon.colcon_core.package_identification:_identify(.) by extensions ['ignore', 'ignore_ament_install']
[0.444s] Level 1:colcon.colcon_core.package_identification:_identify(.) by extension 'ignore'
[0.444s] Level 1:colcon.colcon_core.package_identification:_identify(.) by extension 'ignore_ament_install'
[0.445s] Level 1:colcon.colcon_core.package_identification:_identify(.) by extensions ['colcon_pkg']
[0.445s] Level 1:colcon.colcon_core.package_identification:_identify(.) by extension 'colcon_pkg'
[0.445s] Level 1:colcon.colcon_core.package_identification:_identify(.) by extensions ['colcon_meta']
[0.445s] Level 1:colcon.colcon_core.package_identification:_identify(.) by extension 'colcon_meta'
[0.445s] Level 1:colcon.colcon_core.package_identification:_identify(.) by extensions ['ros']
[0.445s] Level 1:colcon.colcon_core.package_identification:_identify(.) by extension 'ros'
[0.495s] Level 1:colcon.colcon_core.package_identification:_identify(.) by extensions ['cmake', 'python']
[0.495s] Level 1:colcon.colcon_core.package_identification:_identify(.) by extension 'cmake'
[0.495s] Level 1:colcon.colcon_core.package_identification:_identify(.) by extension 'python'
[0.495s] Level 1:colcon.colcon_core.package_identification:_identify(.) by extensions ['python_setup_py']
[0.495s] Level 1:colcon.colcon_core.package_identification:_identify(.) by extension 'python_setup_py'
[0.495s] Level 1:colcon.colcon_core.package_identification:_identify(DOCS) by extensions ['ignore', 'ignore_ament_install']
[0.495s] Level 1:colcon.colcon_core.package_identification:_identify(DOCS) by extension 'ignore'
[0.495s] Level 1:colcon.colcon_core.package_identification:_identify(DOCS) by extension 'ignore_ament_install'
[0.495s] Level 1:colcon.colcon_core.package_identification:_identify(DOCS) by extensions ['colcon_pkg']
[0.495s] Level 1:colcon.colcon_core.package_identification:_identify(DOCS) by extension 'colcon_pkg'
[0.495s] Level 1:colcon.colcon_core.package_identification:_identify(DOCS) by extensions ['colcon_meta']
[0.495s] Level 1:colcon.colcon_core.package_identification:_identify(DOCS) by extension 'colcon_meta'
[0.495s] Level 1:colcon.colcon_core.package_identification:_identify(DOCS) by extensions ['ros']
[0.496s] Level 1:colcon.colcon_core.package_identification:_identify(DOCS) by extension 'ros'
[0.496s] Level 1:colcon.colcon_core.package_identification:_identify(DOCS) by extensions ['cmake', 'python']
[0.496s] Level 1:colcon.colcon_core.package_identification:_identify(DOCS) by extension 'cmake'
[0.496s] Level 1:colcon.colcon_core.package_identification:_identify(DOCS) by extension 'python'
[0.496s] Level 1:colcon.colcon_core.package_identification:_identify(DOCS) by extensions ['python_setup_py']
[0.496s] Level 1:colcon.colcon_core.package_identification:_identify(DOCS) by extension 'python_setup_py'
[0.496s] Level 1:colcon.colcon_core.package_identification:_identify(build) by extensions ['ignore', 'ignore_ament_install']
[0.496s] Level 1:colcon.colcon_core.package_identification:_identify(build) by extension 'ignore'
[0.496s] Level 1:colcon.colcon_core.package_identification:_identify(build) ignored
[0.496s] Level 1:colcon.colcon_core.package_identification:_identify(install) by extensions ['ignore', 'ignore_ament_install']
[0.496s] Level 1:colcon.colcon_core.package_identification:_identify(install) by extension 'ignore'
[0.496s] Level 1:colcon.colcon_core.package_identification:_identify(install) ignored
[0.497s] Level 1:colcon.colcon_core.package_identification:_identify(log) by extensions ['ignore', 'ignore_ament_install']
[0.497s] Level 1:colcon.colcon_core.package_identification:_identify(log) by extension 'ignore'
[0.497s] Level 1:colcon.colcon_core.package_identification:_identify(log) ignored
[0.497s] Level 1:colcon.colcon_core.package_identification:_identify(src) by extensions ['ignore', 'ignore_ament_install']
[0.497s] Level 1:colcon.colcon_core.package_identification:_identify(src) by extension 'ignore'
[0.497s] Level 1:colcon.colcon_core.package_identification:_identify(src) by extension 'ignore_ament_install'
[0.497s] Level 1:colcon.colcon_core.package_identification:_identify(src) by extensions ['colcon_pkg']
[0.497s] Level 1:colcon.colcon_core.package_identification:_identify(src) by extension 'colcon_pkg'
[0.497s] Level 1:colcon.colcon_core.package_identification:_identify(src) by extensions ['colcon_meta']
[0.497s] Level 1:colcon.colcon_core.package_identification:_identify(src) by extension 'colcon_meta'
[0.497s] Level 1:colcon.colcon_core.package_identification:_identify(src) by extensions ['ros']
[0.497s] Level 1:colcon.colcon_core.package_identification:_identify(src) by extension 'ros'
[0.497s] Level 1:colcon.colcon_core.package_identification:_identify(src) by extensions ['cmake', 'python']
[0.498s] Level 1:colcon.colcon_core.package_identification:_identify(src) by extension 'cmake'
[0.498s] Level 1:colcon.colcon_core.package_identification:_identify(src) by extension 'python'
[0.498s] Level 1:colcon.colcon_core.package_identification:_identify(src) by extensions ['python_setup_py']
[0.498s] Level 1:colcon.colcon_core.package_identification:_identify(src) by extension 'python_setup_py'
[0.498s] Level 1:colcon.colcon_core.package_identification:_identify(src/blade_demo_basics) by extensions ['ignore', 'ignore_ament_install']
[0.498s] Level 1:colcon.colcon_core.package_identification:_identify(src/blade_demo_basics) by extension 'ignore'
[0.498s] Level 1:colcon.colcon_core.package_identification:_identify(src/blade_demo_basics) by extension 'ignore_ament_install'
[0.498s] Level 1:colcon.colcon_core.package_identification:_identify(src/blade_demo_basics) by extensions ['colcon_pkg']
[0.498s] Level 1:colcon.colcon_core.package_identification:_identify(src/blade_demo_basics) by extension 'colcon_pkg'
[0.498s] Level 1:colcon.colcon_core.package_identification:_identify(src/blade_demo_basics) by extensions ['colcon_meta']
[0.498s] Level 1:colcon.colcon_core.package_identification:_identify(src/blade_demo_basics) by extension 'colcon_meta'
[0.498s] Level 1:colcon.colcon_core.package_identification:_identify(src/blade_demo_basics) by extensions ['ros']
[0.498s] Level 1:colcon.colcon_core.package_identification:_identify(src/blade_demo_basics) by extension 'ros'
[0.505s] DEBUG:colcon.colcon_core.package_identification:Package 'src/blade_demo_basics' with type 'ros.ament_python' and name 'blade_demo_basics'
[0.505s] Level 1:colcon.colcon_core.package_identification:_identify(src/blade_inspection_orbit_demo) by extensions ['ignore', 'ignore_ament_install']
[0.505s] Level 1:colcon.colcon_core.package_identification:_identify(src/blade_inspection_orbit_demo) by extension 'ignore'
[0.505s] Level 1:colcon.colcon_core.package_identification:_identify(src/blade_inspection_orbit_demo) by extension 'ignore_ament_install'
[0.505s] Level 1:colcon.colcon_core.package_identification:_identify(src/blade_inspection_orbit_demo) by extensions ['colcon_pkg']
[0.505s] Level 1:colcon.colcon_core.package_identification:_identify(src/blade_inspection_orbit_demo) by extension 'colcon_pkg'
[0.505s] Level 1:colcon.colcon_core.package_identification:_identify(src/blade_inspection_orbit_demo) by extensions ['colcon_meta']
[0.505s] Level 1:colcon.colcon_core.package_identification:_identify(src/blade_inspection_orbit_demo) by extension 'colcon_meta'
[0.505s] Level 1:colcon.colcon_core.package_identification:_identify(src/blade_inspection_orbit_demo) by extensions ['ros']
[0.505s] Level 1:colcon.colcon_core.package_identification:_identify(src/blade_inspection_orbit_demo) by extension 'ros'
[0.506s] DEBUG:colcon.colcon_core.package_identification:Package 'src/blade_inspection_orbit_demo' with type 'ros.ament_python' and name 'blade_inspection_orbit_demo'
[0.506s] Level 1:colcon.colcon_core.package_discovery:discover_packages(recursive) using defaults
[0.506s] Level 1:colcon.colcon_core.package_discovery:discover_packages(ignore) discover
[0.506s] Level 1:colcon.colcon_core.package_discovery:discover_packages(ignore) using defaults
[0.506s] Level 1:colcon.colcon_core.package_discovery:discover_packages(path) discover
[0.506s] Level 1:colcon.colcon_core.package_discovery:discover_packages(path) using defaults
[0.540s] INFO:colcon.colcon_core.package_selection:Skipping not selected package 'blade_demo_basics' in 'src/blade_demo_basics'
[0.541s] Level 1:colcon.colcon_core.package_discovery:discover_packages(prefix_path) check parameters
[0.541s] Level 1:colcon.colcon_core.package_discovery:discover_packages(prefix_path) discover
[0.553s] DEBUG:colcon.colcon_installed_package_information.package_discovery:Found 488 installed packages in /opt/ros/jazzy
[0.555s] Level 1:colcon.colcon_core.package_discovery:discover_packages(prefix_path) using defaults
[0.623s] Level 5:colcon.colcon_core.verb:set package 'blade_inspection_orbit_demo' build argument 'cmake_args' from command line to 'None'
[0.623s] Level 5:colcon.colcon_core.verb:set package 'blade_inspection_orbit_demo' build argument 'cmake_target' from command line to 'None'
[0.623s] Level 5:colcon.colcon_core.verb:set package 'blade_inspection_orbit_demo' build argument 'cmake_target_skip_unavailable' from command line to 'False'
[0.623s] Level 5:colcon.colcon_core.verb:set package 'blade_inspection_orbit_demo' build argument 'cmake_clean_cache' from command line to 'False'
[0.623s] Level 5:colcon.colcon_core.verb:set package 'blade_inspection_orbit_demo' build argument 'cmake_clean_first' from command line to 'False'
[0.623s] Level 5:colcon.colcon_core.verb:set package 'blade_inspection_orbit_demo' build argument 'cmake_force_configure' from command line to 'False'
[0.623s] Level 5:colcon.colcon_core.verb:set package 'blade_inspection_orbit_demo' build argument 'ament_cmake_args' from command line to 'None'
[0.623s] Level 5:colcon.colcon_core.verb:set package 'blade_inspection_orbit_demo' build argument 'catkin_cmake_args' from command line to 'None'
[0.623s] Level 5:colcon.colcon_core.verb:set package 'blade_inspection_orbit_demo' build argument 'catkin_skip_building_tests' from command line to 'False'
[0.623s] DEBUG:colcon.colcon_core.verb:Building package 'blade_inspection_orbit_demo' with the following arguments: {'ament_cmake_args': None, 'build_base': '/home/yhc23/PROJECT/ROS2_demo_ws/build/blade_inspection_orbit_demo', 'catkin_cmake_args': None, 'catkin_skip_building_tests': False, 'cmake_args': None, 'cmake_clean_cache': False, 'cmake_clean_first': False, 'cmake_force_configure': False, 'cmake_target': None, 'cmake_target_skip_unavailable': False, 'install_base': '/home/yhc23/PROJECT/ROS2_demo_ws/install/blade_inspection_orbit_demo', 'merge_install': False, 'path': '/home/yhc23/PROJECT/ROS2_demo_ws/src/blade_inspection_orbit_demo', 'symlink_install': False, 'test_result_base': None}
[0.623s] INFO:colcon.colcon_core.executor:Executing jobs using 'parallel' executor
[0.625s] DEBUG:colcon.colcon_parallel_executor.executor.parallel:run_until_complete
[0.625s] INFO:colcon.colcon_ros.task.ament_python.build:Building ROS package in '/home/yhc23/PROJECT/ROS2_demo_ws/src/blade_inspection_orbit_demo' with build type 'ament_python'
[0.625s] Level 1:colcon.colcon_core.shell:create_environment_hook('blade_inspection_orbit_demo', 'ament_prefix_path')
[0.632s] INFO:colcon.colcon_core.plugin_system:Skipping extension 'colcon_core.shell.bat': Not used on non-Windows systems
[0.632s] INFO:colcon.colcon_core.shell:Creating environment hook '/home/yhc23/PROJECT/ROS2_demo_ws/install/blade_inspection_orbit_demo/share/blade_inspection_orbit_demo/hook/ament_prefix_path.ps1'
[0.635s] INFO:colcon.colcon_core.shell:Creating environment descriptor '/home/yhc23/PROJECT/ROS2_demo_ws/install/blade_inspection_orbit_demo/share/blade_inspection_orbit_demo/hook/ament_prefix_path.dsv'
[0.636s] INFO:colcon.colcon_core.shell:Creating environment hook '/home/yhc23/PROJECT/ROS2_demo_ws/install/blade_inspection_orbit_demo/share/blade_inspection_orbit_demo/hook/ament_prefix_path.sh'
[0.637s] INFO:colcon.colcon_core.shell:Skip shell extension 'powershell' for command environment: Not usable outside of PowerShell
[0.637s] DEBUG:colcon.colcon_core.shell:Skip shell extension 'dsv' for command environment
[0.907s] INFO:colcon.colcon_core.task.python.build:Building Python package in '/home/yhc23/PROJECT/ROS2_demo_ws/src/blade_inspection_orbit_demo'
[0.908s] INFO:colcon.colcon_core.shell:Skip shell extension 'powershell' for command environment: Not usable outside of PowerShell
[0.908s] DEBUG:colcon.colcon_core.shell:Skip shell extension 'dsv' for command environment
[2.135s] DEBUG:colcon.colcon_core.event_handler.log_command:Invoking command in '/home/yhc23/PROJECT/ROS2_demo_ws/src/blade_inspection_orbit_demo': PYTHONPATH=/home/yhc23/PROJECT/ROS2_demo_ws/build/blade_inspection_orbit_demo/prefix_override:/usr/lib/python3/dist-packages/colcon_core/task/python/colcon_distutils_commands:/home/yhc23/PROJECT/ROS2_demo_ws/install/blade_inspection_orbit_demo/lib/python3.12/site-packages:${PYTHONPATH} /usr/bin/python3 -W ignore:setup.py install is deprecated -W ignore:easy_install command is deprecated setup.py egg_info --egg-base ../../build/blade_inspection_orbit_demo build --build-base /home/yhc23/PROJECT/ROS2_demo_ws/build/blade_inspection_orbit_demo/build install --record /home/yhc23/PROJECT/ROS2_demo_ws/build/blade_inspection_orbit_demo/install.log --single-version-externally-managed install_data
[2.811s] DEBUG:colcon.colcon_core.event_handler.log_command:Invoked command in '/home/yhc23/PROJECT/ROS2_demo_ws/src/blade_inspection_orbit_demo' returned '0': PYTHONPATH=/home/yhc23/PROJECT/ROS2_demo_ws/build/blade_inspection_orbit_demo/prefix_override:/usr/lib/python3/dist-packages/colcon_core/task/python/colcon_distutils_commands:/home/yhc23/PROJECT/ROS2_demo_ws/install/blade_inspection_orbit_demo/lib/python3.12/site-packages:${PYTHONPATH} /usr/bin/python3 -W ignore:setup.py install is deprecated -W ignore:easy_install command is deprecated setup.py egg_info --egg-base ../../build/blade_inspection_orbit_demo build --build-base /home/yhc23/PROJECT/ROS2_demo_ws/build/blade_inspection_orbit_demo/build install --record /home/yhc23/PROJECT/ROS2_demo_ws/build/blade_inspection_orbit_demo/install.log --single-version-externally-managed install_data
[2.818s] Level 1:colcon.colcon_core.environment:checking '/home/yhc23/PROJECT/ROS2_demo_ws/install/blade_inspection_orbit_demo' for CMake module files
[2.819s] Level 1:colcon.colcon_core.environment:checking '/home/yhc23/PROJECT/ROS2_demo_ws/install/blade_inspection_orbit_demo' for CMake config files
[2.820s] Level 1:colcon.colcon_core.environment:checking '/home/yhc23/PROJECT/ROS2_demo_ws/install/blade_inspection_orbit_demo/lib'
[2.820s] Level 1:colcon.colcon_core.environment:checking '/home/yhc23/PROJECT/ROS2_demo_ws/install/blade_inspection_orbit_demo/bin'
[2.821s] Level 1:colcon.colcon_core.environment:checking '/home/yhc23/PROJECT/ROS2_demo_ws/install/blade_inspection_orbit_demo/lib/pkgconfig/blade_inspection_orbit_demo.pc'
[2.821s] Level 1:colcon.colcon_core.environment:checking '/home/yhc23/PROJECT/ROS2_demo_ws/install/blade_inspection_orbit_demo/lib/python3.12/site-packages'
[2.821s] Level 1:colcon.colcon_core.shell:create_environment_hook('blade_inspection_orbit_demo', 'pythonpath')
[2.821s] INFO:colcon.colcon_core.shell:Creating environment hook '/home/yhc23/PROJECT/ROS2_demo_ws/install/blade_inspection_orbit_demo/share/blade_inspection_orbit_demo/hook/pythonpath.ps1'
[2.822s] INFO:colcon.colcon_core.shell:Creating environment descriptor '/home/yhc23/PROJECT/ROS2_demo_ws/install/blade_inspection_orbit_demo/share/blade_inspection_orbit_demo/hook/pythonpath.dsv'
[2.823s] INFO:colcon.colcon_core.shell:Creating environment hook '/home/yhc23/PROJECT/ROS2_demo_ws/install/blade_inspection_orbit_demo/share/blade_inspection_orbit_demo/hook/pythonpath.sh'
[2.823s] Level 1:colcon.colcon_core.environment:checking '/home/yhc23/PROJECT/ROS2_demo_ws/install/blade_inspection_orbit_demo/bin'
[2.823s] Level 1:colcon.colcon_core.environment:create_environment_scripts_only(blade_inspection_orbit_demo)
[2.824s] INFO:colcon.colcon_core.shell:Creating package script '/home/yhc23/PROJECT/ROS2_demo_ws/install/blade_inspection_orbit_demo/share/blade_inspection_orbit_demo/package.ps1'
[2.825s] INFO:colcon.colcon_core.shell:Creating package descriptor '/home/yhc23/PROJECT/ROS2_demo_ws/install/blade_inspection_orbit_demo/share/blade_inspection_orbit_demo/package.dsv'
[2.826s] INFO:colcon.colcon_core.shell:Creating package script '/home/yhc23/PROJECT/ROS2_demo_ws/install/blade_inspection_orbit_demo/share/blade_inspection_orbit_demo/package.sh'
[2.827s] INFO:colcon.colcon_core.shell:Creating package script '/home/yhc23/PROJECT/ROS2_demo_ws/install/blade_inspection_orbit_demo/share/blade_inspection_orbit_demo/package.bash'
[2.828s] INFO:colcon.colcon_core.shell:Creating package script '/home/yhc23/PROJECT/ROS2_demo_ws/install/blade_inspection_orbit_demo/share/blade_inspection_orbit_demo/package.zsh'
[2.829s] Level 1:colcon.colcon_core.environment:create_file_with_runtime_dependencies(/home/yhc23/PROJECT/ROS2_demo_ws/install/blade_inspection_orbit_demo/share/colcon-core/packages/blade_inspection_orbit_demo)
[2.831s] DEBUG:colcon.colcon_parallel_executor.executor.parallel:closing loop
[2.831s] DEBUG:colcon.colcon_parallel_executor.executor.parallel:loop closed
[2.832s] DEBUG:colcon.colcon_parallel_executor.executor.parallel:run_until_complete finished with '0'
[2.832s] DEBUG:colcon.colcon_core.event_reactor:joining thread
[2.863s] INFO:colcon.colcon_core.plugin_system:Skipping extension 'colcon_notification.desktop_notification.terminal_notifier': Not used on non-Darwin systems
[2.863s] INFO:colcon.colcon_core.plugin_system:Skipping extension 'colcon_notification.desktop_notification.win32': Not used on non-Windows systems
[2.863s] INFO:colcon.colcon_notification.desktop_notification:Sending desktop notification using 'notify2'
[2.881s] DEBUG:colcon.colcon_notification.desktop_notification.notify2:Failed to initialize notify2: org.freedesktop.DBus.Error.Spawn.ExecFailed: /usr/bin/dbus-launch terminated abnormally with the following error: Autolaunch error: X11 initialization failed.

[2.882s] DEBUG:colcon.colcon_core.event_reactor:joined thread
[2.882s] INFO:colcon.colcon_core.shell:Creating prefix script '/home/yhc23/PROJECT/ROS2_demo_ws/install/local_setup.ps1'
[2.884s] INFO:colcon.colcon_core.shell:Creating prefix util module '/home/yhc23/PROJECT/ROS2_demo_ws/install/_local_setup_util_ps1.py'
[2.885s] INFO:colcon.colcon_core.shell:Creating prefix chain script '/home/yhc23/PROJECT/ROS2_demo_ws/install/setup.ps1'
[2.887s] INFO:colcon.colcon_core.shell:Creating prefix script '/home/yhc23/PROJECT/ROS2_demo_ws/install/local_setup.sh'
[2.888s] INFO:colcon.colcon_core.shell:Creating prefix util module '/home/yhc23/PROJECT/ROS2_demo_ws/install/_local_setup_util_sh.py'
[2.889s] INFO:colcon.colcon_core.shell:Creating prefix chain script '/home/yhc23/PROJECT/ROS2_demo_ws/install/setup.sh'
[2.891s] INFO:colcon.colcon_core.shell:Creating prefix script '/home/yhc23/PROJECT/ROS2_demo_ws/install/local_setup.bash'
[2.892s] INFO:colcon.colcon_core.shell:Creating prefix chain script '/home/yhc23/PROJECT/ROS2_demo_ws/install/setup.bash'
[2.893s] INFO:colcon.colcon_core.shell:Creating prefix script '/home/yhc23/PROJECT/ROS2_demo_ws/install/local_setup.zsh'
[2.894s] INFO:colcon.colcon_core.shell:Creating prefix chain script '/home/yhc23/PROJECT/ROS2_demo_ws/install/setup.zsh'
