[0.801s] Invoking command in '/home/yhc23/PROJECT/ROS2_demo_ws/src/blade_demo_basics': PYTHONPATH=/home/yhc23/PROJECT/ROS2_demo_ws/build/blade_demo_basics/prefix_override:/usr/lib/python3/dist-packages/colcon_core/task/python/colcon_distutils_commands:/home/yhc23/PROJECT/ROS2_demo_ws/install/blade_demo_basics/lib/python3.12/site-packages:${PYTHONPATH} /usr/bin/python3 -W ignore:setup.py install is deprecated -W ignore:easy_install command is deprecated setup.py egg_info --egg-base ../../build/blade_demo_basics build --build-base /home/yhc23/PROJECT/ROS2_demo_ws/build/blade_demo_basics/build install --record /home/yhc23/PROJECT/ROS2_demo_ws/build/blade_demo_basics/install.log --single-version-externally-managed install_data
[1.050s] running egg_info
[1.068s] writing ../../build/blade_demo_basics/blade_demo_basics.egg-info/PKG-INFO
[1.068s] writing dependency_links to ../../build/blade_demo_basics/blade_demo_basics.egg-info/dependency_links.txt
[1.069s] writing entry points to ../../build/blade_demo_basics/blade_demo_basics.egg-info/entry_points.txt
[1.069s] writing requirements to ../../build/blade_demo_basics/blade_demo_basics.egg-info/requires.txt
[1.069s] writing top-level names to ../../build/blade_demo_basics/blade_demo_basics.egg-info/top_level.txt
[1.108s] reading manifest file '../../build/blade_demo_basics/blade_demo_basics.egg-info/SOURCES.txt'
[1.108s] writing manifest file '../../build/blade_demo_basics/blade_demo_basics.egg-info/SOURCES.txt'
[1.109s] running build
[1.109s] running build_py
[1.109s] running install
[1.114s] running install_lib
[1.134s] running install_data
[1.134s] creating /home/yhc23/PROJECT/ROS2_demo_ws/install/blade_demo_basics/share/blade_demo_basics/launch
[1.134s] copying launch/demo.launch.py -> /home/yhc23/PROJECT/ROS2_demo_ws/install/blade_demo_basics/share/blade_demo_basics/launch
[1.135s] creating /home/yhc23/PROJECT/ROS2_demo_ws/install/blade_demo_basics/share/blade_demo_basics/config
[1.135s] copying config/status_demo.yaml -> /home/yhc23/PROJECT/ROS2_demo_ws/install/blade_demo_basics/share/blade_demo_basics/config
[1.135s] running install_egg_info
[1.155s] removing '/home/yhc23/PROJECT/ROS2_demo_ws/install/blade_demo_basics/lib/python3.12/site-packages/blade_demo_basics-0.0.0-py3.12.egg-info' (and everything under it)
[1.156s] Copying ../../build/blade_demo_basics/blade_demo_basics.egg-info to /home/yhc23/PROJECT/ROS2_demo_ws/install/blade_demo_basics/lib/python3.12/site-packages/blade_demo_basics-0.0.0-py3.12.egg-info
[1.158s] running install_scripts
[1.285s] Installing status_publisher script to /home/yhc23/PROJECT/ROS2_demo_ws/install/blade_demo_basics/lib/blade_demo_basics
[1.285s] Installing status_subscriber script to /home/yhc23/PROJECT/ROS2_demo_ws/install/blade_demo_basics/lib/blade_demo_basics
[1.286s] writing list of installed files to '/home/yhc23/PROJECT/ROS2_demo_ws/build/blade_demo_basics/install.log'
[1.321s] Invoked command in '/home/yhc23/PROJECT/ROS2_demo_ws/src/blade_demo_basics' returned '0': PYTHONPATH=/home/yhc23/PROJECT/ROS2_demo_ws/build/blade_demo_basics/prefix_override:/usr/lib/python3/dist-packages/colcon_core/task/python/colcon_distutils_commands:/home/yhc23/PROJECT/ROS2_demo_ws/install/blade_demo_basics/lib/python3.12/site-packages:${PYTHONPATH} /usr/bin/python3 -W ignore:setup.py install is deprecated -W ignore:easy_install command is deprecated setup.py egg_info --egg-base ../../build/blade_demo_basics build --build-base /home/yhc23/PROJECT/ROS2_demo_ws/build/blade_demo_basics/build install --record /home/yhc23/PROJECT/ROS2_demo_ws/build/blade_demo_basics/install.log --single-version-externally-managed install_data
